{"/Volumes/Data/Projects/yaerp-front/src/components/HelloDecorator.vue": {"path":"/Volumes/Data/Projects/yaerp-front/src/components/HelloDecorator.vue","statementMap":{"0":{"start":{"line":12,"column":0},"end":{"line":null,"column":-1}},"1":{"start":{"line":14,"column":0},"end":{"line":33,"column":0}},"2":{"start":{"line":14,"column":0},"end":{"line":null,"column":-1}},"3":{"start":{"line":13,"column":0},"end":{"line":null,"column":-1}},"4":{"start":{"line":18,"column":0},"end":{"line":null,"column":-1}},"5":{"start":{"line":20,"column":0},"end":{"line":22,"column":0}},"6":{"start":{"line":21,"column":0},"end":{"line":null,"column":-1}},"7":{"start":{"line":24,"column":0},"end":{"line":28,"column":0}},"8":{"start":{"line":25,"column":0},"end":{"line":27,"column":0}},"9":{"start":{"line":26,"column":0},"end":{"line":null,"column":-1}},"10":{"start":{"line":30,"column":0},"end":{"line":null,"column":-1}},"11":{"start":{"line":31,"column":0},"end":{"line":null,"column":-1}},"12":{"start":{"line":15,"column":0},"end":{"line":null,"column":-1}},"13":{"start":{"line":16,"column":0},"end":{"line":null,"column":-1}},"14":{"start":{"line":33,"column":0},"end":{"line":null,"column":-1}}},"fnMap":{"0":{"name":"(anonymous_2)","decl":{"start":{"line":14,"column":0},"end":{"line":null,"column":-1}},"loc":{"start":{"line":14,"column":0},"end":{"line":33,"column":0}}},"1":{"name":"HelloDecorator","decl":{"start":{"line":13,"column":0},"end":{"line":null,"column":-1}},"loc":{"start":{"line":13,"column":0},"end":{"line":33,"column":0}}},"2":{"name":"(anonymous_4)","decl":{"start":{"line":20,"column":0},"end":{"line":null,"column":-1}},"loc":{"start":{"line":20,"column":0},"end":{"line":22,"column":0}}},"3":{"name":"(anonymous_5)","decl":{"start":{"line":24,"column":0},"end":{"line":null,"column":-1}},"loc":{"start":{"line":24,"column":0},"end":{"line":28,"column":0}}}},"branchMap":{"0":{"loc":{"start":{"line":13,"column":0},"end":{"line":null,"column":-1}},"type":"binary-expr","locations":[{"start":{"line":13,"column":0},"end":{"line":null,"column":-1}},{"start":{"line":13,"column":0},"end":{"line":null,"column":-1}},{"start":{"line":13,"column":0},"end":{"line":null,"column":-1}}]},"1":{"loc":{"start":{"line":25,"column":0},"end":{"line":27,"column":0}},"type":"if","locations":[{"start":{"line":25,"column":0},"end":{"line":27,"column":0}},{"start":{"line":25,"column":0},"end":{"line":27,"column":0}}]}},"s":{"0":1,"1":1,"2":2,"3":2,"4":2,"5":1,"6":0,"7":1,"8":0,"9":0,"10":1,"11":1,"12":1,"13":1,"14":1},"f":{"0":1,"1":2,"2":0,"3":0},"b":{"0":[2,2,2],"1":[0,0]}}
}
